{"/Users/saarthakgupta/Desktop/admin/Codes/testing/react-testing/src/App.tsx": {"path":"/Users/saarthakgupta/Desktop/admin/Codes/testing/react-testing/src/App.tsx","statementMap":{"0":{"start":{"line":8,"column":7},"end":{"line":11,"column":null}},"1":{"start":{"line":8,"column":13},"end":{"line":8,"column":14}},"2":{"start":{"line":8,"column":14},"end":{"line":8,"column":null}},"3":{"start":{"line":9,"column":2},"end":{"line":9,"column":43}},"4":{"start":{"line":9,"column":43},"end":{"line":11,"column":null}},"5":{"start":{"line":11,"column":9},"end":{"line":11,"column":16}},"6":{"start":{"line":11,"column":45},"end":{"line":11,"column":null}},"7":{"start":{"line":11,"column":45},"end":{"line":11,"column":16}}},"fnMap":{"0":{"name":"(anonymous_0)","decl":{"start":{"line":8,"column":7},"end":{"line":8,"column":13}},"loc":{"start":{"line":8,"column":13},"end":{"line":11,"column":null}},"line":8}},"branchMap":{"0":{"loc":{"start":{"line":9,"column":43},"end":{"line":11,"column":null}},"type":"if","locations":[{"start":{"line":9,"column":43},"end":{"line":11,"column":null}},{"start":{"line":11,"column":45},"end":{"line":11,"column":null}}],"line":9},"1":{"loc":{"start":{"line":9,"column":43},"end":{"line":9,"column":null}},"type":"binary-expr","locations":[{"start":{"line":9,"column":43},"end":{"line":9,"column":null}},{"start":{"line":9,"column":43},"end":{"line":9,"column":null}}],"line":9},"2":{"loc":{"start":{"line":11,"column":9},"end":{"line":11,"column":16}},"type":"cond-expr","locations":[{"start":{"line":11,"column":16},"end":{"line":11,"column":16}},{"start":{"line":11,"column":9},"end":{"line":11,"column":16}}],"line":11}},"s":{"0":1,"1":1,"2":1,"3":1,"4":1,"5":1,"6":0,"7":1},"f":{"0":1},"b":{"0":[1,0],"1":[1,0],"2":[1,0]},"meta":{"lastBranch":3,"lastFunction":1,"lastStatement":8,"seen":{"s:8:7:11:Infinity":0,"f:8:7:8:13":0,"s:8:13:8:14":1,"s:8:14:8:Infinity":2,"s:9:2:9:43":3,"b:9:43:11:Infinity:11:45:11:Infinity":0,"s:9:43:11:Infinity":4,"b:9:43:9:Infinity:9:43:9:Infinity":1,"s:11:9:11:16":5,"b:11:16:11:16:11:9:11:16":2,"s:11:45:11:Infinity":6,"s:11:45:11:16":7}}}
,"/Users/saarthakgupta/Desktop/admin/Codes/testing/react-testing/src/utils/index.ts": {"path":"/Users/saarthakgupta/Desktop/admin/Codes/testing/react-testing/src/utils/index.ts","statementMap":{"0":{"start":{"line":3,"column":13},"end":{"line":9,"column":null}},"1":{"start":{"line":4,"column":4},"end":{"line":8,"column":null}},"2":{"start":{"line":5,"column":8},"end":{"line":5,"column":null}},"3":{"start":{"line":7,"column":8},"end":{"line":7,"column":null}}},"fnMap":{"0":{"name":"(anonymous_0)","decl":{"start":{"line":3,"column":13},"end":{"line":3,"column":29}},"loc":{"start":{"line":3,"column":47},"end":{"line":9,"column":null}},"line":3}},"branchMap":{"0":{"loc":{"start":{"line":4,"column":4},"end":{"line":8,"column":null}},"type":"if","locations":[{"start":{"line":4,"column":4},"end":{"line":8,"column":null}},{"start":{"line":6,"column":9},"end":{"line":8,"column":null}}],"line":4}},"s":{"0":1,"1":2,"2":1,"3":1},"f":{"0":2},"b":{"0":[1,1]},"meta":{"lastBranch":1,"lastFunction":1,"lastStatement":4,"seen":{"s:3:13:9:Infinity":0,"f:3:13:3:29":0,"b:4:4:8:Infinity:6:9:8:Infinity":0,"s:4:4:8:Infinity":1,"s:5:8:5:Infinity":2,"s:7:8:7:Infinity":3}}}
}
